[debug] [2021-01-16T02:29:49.914Z] ----------------------------------------------------------------------
[debug] [2021-01-16T02:29:49.917Z] Command:       /usr/local/bin/node /usr/local/bin/firebase emulators:start --import=./project-state --export-on-exit
[debug] [2021-01-16T02:29:49.918Z] CLI Version:   9.1.0
[debug] [2021-01-16T02:29:49.918Z] Platform:      linux
[debug] [2021-01-16T02:29:49.918Z] Node Version:  v12.16.1
[debug] [2021-01-16T02:29:49.919Z] Time:          Sat Jan 16 2021 03:29:49 GMT+0100 (West Africa Standard Time)
[debug] [2021-01-16T02:29:49.919Z] ----------------------------------------------------------------------
[debug] [2021-01-16T02:29:49.919Z] 
[debug] [2021-01-16T02:29:49.921Z] >>> [apiv2][query] GET https://firebase-public.firebaseio.com/cli.json [none]
[debug] [2021-01-16T02:29:49.948Z] > command requires scopes: ["email","openid","https://www.googleapis.com/auth/cloudplatformprojects.readonly","https://www.googleapis.com/auth/firebase","https://www.googleapis.com/auth/cloud-platform"]
[debug] [2021-01-16T02:29:49.949Z] > authorizing via signed-in user
[info] i  emulators: Starting emulators: auth, functions, firestore {"metadata":{"emulator":{"name":"hub"},"message":"Starting emulators: auth, functions, firestore"}}
[debug] [2021-01-16T02:29:49.974Z] [hub] writing locator at /tmp/hub-socialape-acee4.json
[warn] ⚠  functions: The following emulators are not running, calls to these services from the Functions emulator will affect production: database, hosting, pubsub {"metadata":{"emulator":{"name":"functions"},"message":"The following emulators are not running, calls to these services from the Functions emulator will affect production: \u001b[1mdatabase, hosting, pubsub\u001b[22m"}}
[info] ✔  functions: Using node@12 from host. {"metadata":{"emulator":{"name":"functions"},"message":"Using node@12 from host."}}
[debug] [2021-01-16T02:29:50.784Z] defaultcredentials: writing to file /home/nonseodion/.config/firebase/nonseifebhor_gmail_com_application_default_credentials.json
[debug] [2021-01-16T02:29:50.788Z] Setting GAC to /home/nonseodion/.config/firebase/nonseifebhor_gmail_com_application_default_credentials.json {"metadata":{"emulator":{"name":"functions"},"message":"Setting GAC to /home/nonseodion/.config/firebase/nonseifebhor_gmail_com_application_default_credentials.json"}}
[info] i  firestore: Importing data from /home/nonseodion/Desktop/Socialape/socialape-functions/project-state/firestore_export/firestore_export.overall_export_metadata {"metadata":{"emulator":{"name":"firestore"},"message":"Importing data from /home/nonseodion/Desktop/Socialape/socialape-functions/project-state/firestore_export/firestore_export.overall_export_metadata"}}
[debug] [2021-01-16T02:29:50.806Z] Ignoring unsupported arg: projectId {"metadata":{"emulator":{"name":"firestore"},"message":"Ignoring unsupported arg: projectId"}}
[debug] [2021-01-16T02:29:50.807Z] Ignoring unsupported arg: auto_download {"metadata":{"emulator":{"name":"firestore"},"message":"Ignoring unsupported arg: auto_download"}}
[debug] [2021-01-16T02:29:50.807Z] Starting Firestore Emulator with command {"binary":"java","args":["-Dgoogle.cloud_firestore.debug_log_level=FINE","-Duser.language=en","-jar","/home/nonseodion/.cache/firebase/emulators/cloud-firestore-emulator-v1.11.11.jar","--host","localhost","--port",8080,"--seed_from_export","/home/nonseodion/Desktop/Socialape/socialape-functions/project-state/firestore_export/firestore_export.overall_export_metadata","--rules","/home/nonseodion/Desktop/Socialape/socialape-functions/firestore.rules","--functions_emulator","localhost:5001"],"optionalArgs":["port","webchannel_port","host","rules","functions_emulator","seed_from_export"],"joinArgs":false} {"metadata":{"emulator":{"name":"firestore"},"message":"Starting Firestore Emulator with command {\"binary\":\"java\",\"args\":[\"-Dgoogle.cloud_firestore.debug_log_level=FINE\",\"-Duser.language=en\",\"-jar\",\"/home/nonseodion/.cache/firebase/emulators/cloud-firestore-emulator-v1.11.11.jar\",\"--host\",\"localhost\",\"--port\",8080,\"--seed_from_export\",\"/home/nonseodion/Desktop/Socialape/socialape-functions/project-state/firestore_export/firestore_export.overall_export_metadata\",\"--rules\",\"/home/nonseodion/Desktop/Socialape/socialape-functions/firestore.rules\",\"--functions_emulator\",\"localhost:5001\"],\"optionalArgs\":[\"port\",\"webchannel_port\",\"host\",\"rules\",\"functions_emulator\",\"seed_from_export\"],\"joinArgs\":false}"}}
[info] i  firestore: Firestore Emulator logging to firestore-debug.log {"metadata":{"emulator":{"name":"firestore"},"message":"Firestore Emulator logging to \u001b[1mfirestore-debug.log\u001b[22m"}}
[debug] [2021-01-16T02:29:52.648Z] API endpoint: http://localhost:8080
If you are using a library that supports the FIRESTORE_EMULATOR_HOST environment variable, run:

   export FIRESTORE_EMULATOR_HOST=localhost:8080

Dev App Server is now running.

 {"metadata":{"emulator":{"name":"firestore"},"message":"API endpoint: http://localhost:8080\nIf you are using a library that supports the FIRESTORE_EMULATOR_HOST environment variable, run:\n\n   export FIRESTORE_EMULATOR_HOST=localhost:8080\n\nDev App Server is now running.\n\n"}}
[debug] [2021-01-16T02:29:56.866Z] <<< [apiv2][status] GET https://firebase-public.firebaseio.com/cli.json 200
[debug] [2021-01-16T02:29:56.869Z] <<< [apiv2][body] GET https://firebase-public.firebaseio.com/cli.json {"cloudBuildErrorAfter":1594252800000,"cloudBuildWarnAfter":1590019200000,"defaultNode10After":1594252800000,"minVersion":"3.0.5","node8DeploysDisabledAfter":1613390400000,"node8RuntimeDisabledAfter":1615809600000,"node8WarnAfter":1600128000000}
[info] i  auth: Importing config from /home/nonseodion/Desktop/Socialape/socialape-functions/project-state/auth_export/config.json {"metadata":{"emulator":{"name":"database"},"message":"Importing config from /home/nonseodion/Desktop/Socialape/socialape-functions/project-state/auth_export/config.json"}}
[info] i  auth: Importing accounts from /home/nonseodion/Desktop/Socialape/socialape-functions/project-state/auth_export/accounts.json {"metadata":{"emulator":{"name":"database"},"message":"Importing accounts from /home/nonseodion/Desktop/Socialape/socialape-functions/project-state/auth_export/accounts.json"}}
[debug] [2021-01-16T02:29:56.962Z] Ignoring unsupported arg: auto_download {"metadata":{"emulator":{"name":"ui"},"message":"Ignoring unsupported arg: auto_download"}}
[debug] [2021-01-16T02:29:56.962Z] Ignoring unsupported arg: port {"metadata":{"emulator":{"name":"ui"},"message":"Ignoring unsupported arg: port"}}
[debug] [2021-01-16T02:29:56.962Z] Starting Emulator UI with command {"binary":"node","args":["/home/nonseodion/.cache/firebase/emulators/ui-v1.4.1/server.bundle.js"],"optionalArgs":[],"joinArgs":false} {"metadata":{"emulator":{"name":"ui"},"message":"Starting Emulator UI with command {\"binary\":\"node\",\"args\":[\"/home/nonseodion/.cache/firebase/emulators/ui-v1.4.1/server.bundle.js\"],\"optionalArgs\":[],\"joinArgs\":false}"}}
[info] i  ui: Emulator UI logging to ui-debug.log {"metadata":{"emulator":{"name":"ui"},"message":"Emulator UI logging to \u001b[1mui-debug.log\u001b[22m"}}
[debug] [2021-01-16T02:29:57.137Z] Web / API server started at http://localhost:4000
 {"metadata":{"emulator":{"name":"ui"},"message":"Web / API server started at http://localhost:4000\n"}}
[info] i  functions: Watching "/home/nonseodion/Desktop/Socialape/socialape-functions/functions" for Cloud Functions... {"metadata":{"emulator":{"name":"functions"},"message":"Watching \"/home/nonseodion/Desktop/Socialape/socialape-functions/functions\" for Cloud Functions..."}}
[debug] [2021-01-16T02:29:57.268Z] [worker-pool] addWorker(~diagnostic~) {"metadata":{"emulator":{"name":"functions"},"message":"[worker-pool] addWorker(~diagnostic~)"}}
[debug] [2021-01-16T02:29:57.269Z] [worker-pool] Adding worker with key ~diagnostic~, total=1 {"metadata":{"emulator":{"name":"functions"},"message":"[worker-pool] Adding worker with key ~diagnostic~, total=1"}}
[debug] [2021-01-16T02:29:57.269Z] [worker-pool] submitWork(triggerId=) {"metadata":{"emulator":{"name":"functions"},"message":"[worker-pool] submitWork(triggerId=)"}}
[debug] [2021-01-16T02:29:57.269Z] [worker-~diagnostic~-6258c98c-bf39-4605-b6e4-4ad7e563ff4e]: Assigning socketPath: /tmp/fire_emu_5263.sock {"metadata":{"emulator":{"name":"functions"},"message":"[worker-~diagnostic~-6258c98c-bf39-4605-b6e4-4ad7e563ff4e]: Assigning socketPath: /tmp/fire_emu_5263.sock"}}
[debug] [2021-01-16T02:29:57.270Z] [worker-~diagnostic~-6258c98c-bf39-4605-b6e4-4ad7e563ff4e]: BUSY {"metadata":{"emulator":{"name":"functions"},"message":"[worker-~diagnostic~-6258c98c-bf39-4605-b6e4-4ad7e563ff4e]: BUSY"}}
[debug] [2021-01-16T02:29:57.493Z] [runtime-status] [5263] Functions runtime initialized. {"cwd":"/home/nonseodion/Desktop/Socialape/socialape-functions/functions","node_version":"12.16.1"} {"metadata":{"emulator":{"name":"functions"},"message":"[runtime-status] [5263] Functions runtime initialized. {\"cwd\":\"/home/nonseodion/Desktop/Socialape/socialape-functions/functions\",\"node_version\":\"12.16.1\"}"}}
[debug] [2021-01-16T02:29:57.495Z] [runtime-status] [5263] Disabled runtime features: undefined {"metadata":{"emulator":{"name":"functions"},"message":"[runtime-status] [5263] Disabled runtime features: undefined"}}
[debug] [2021-01-16T02:29:57.511Z] [runtime-status] [5263] Resolved module firebase-admin {"declared":true,"installed":true,"version":"9.4.2","resolution":"/home/nonseodion/Desktop/Socialape/socialape-functions/functions/node_modules/firebase-admin/lib/index.js"} {"metadata":{"emulator":{"name":"functions"},"message":"[runtime-status] [5263] Resolved module firebase-admin {\"declared\":true,\"installed\":true,\"version\":\"9.4.2\",\"resolution\":\"/home/nonseodion/Desktop/Socialape/socialape-functions/functions/node_modules/firebase-admin/lib/index.js\"}"}}
[debug] [2021-01-16T02:29:57.515Z] [runtime-status] [5263] Resolved module firebase-functions {"declared":true,"installed":true,"version":"3.13.0","resolution":"/home/nonseodion/Desktop/Socialape/socialape-functions/functions/node_modules/firebase-functions/lib/index.js"} {"metadata":{"emulator":{"name":"functions"},"message":"[runtime-status] [5263] Resolved module firebase-functions {\"declared\":true,\"installed\":true,\"version\":\"3.13.0\",\"resolution\":\"/home/nonseodion/Desktop/Socialape/socialape-functions/functions/node_modules/firebase-functions/lib/index.js\"}"}}
[debug] [2021-01-16T02:29:57.516Z] [runtime-status] [5263] Resolved module firebase-functions {"declared":true,"installed":true,"version":"3.13.0","resolution":"/home/nonseodion/Desktop/Socialape/socialape-functions/functions/node_modules/firebase-functions/lib/index.js"} {"metadata":{"emulator":{"name":"functions"},"message":"[runtime-status] [5263] Resolved module firebase-functions {\"declared\":true,\"installed\":true,\"version\":\"3.13.0\",\"resolution\":\"/home/nonseodion/Desktop/Socialape/socialape-functions/functions/node_modules/firebase-functions/lib/index.js\"}"}}
[debug] [2021-01-16T02:29:57.519Z] [runtime-status] [5263] Outgoing network have been stubbed. [{"name":"http","status":"mocked"},{"name":"http","status":"mocked"},{"name":"https","status":"mocked"},{"name":"https","status":"mocked"},{"name":"net","status":"mocked"}] {"metadata":{"emulator":{"name":"functions"},"message":"[runtime-status] [5263] Outgoing network have been stubbed. [{\"name\":\"http\",\"status\":\"mocked\"},{\"name\":\"http\",\"status\":\"mocked\"},{\"name\":\"https\",\"status\":\"mocked\"},{\"name\":\"https\",\"status\":\"mocked\"},{\"name\":\"net\",\"status\":\"mocked\"}]"}}
[debug] [2021-01-16T02:29:57.519Z] [runtime-status] [5263] Resolved module firebase-functions {"declared":true,"installed":true,"version":"3.13.0","resolution":"/home/nonseodion/Desktop/Socialape/socialape-functions/functions/node_modules/firebase-functions/lib/index.js"} {"metadata":{"emulator":{"name":"functions"},"message":"[runtime-status] [5263] Resolved module firebase-functions {\"declared\":true,\"installed\":true,\"version\":\"3.13.0\",\"resolution\":\"/home/nonseodion/Desktop/Socialape/socialape-functions/functions/node_modules/firebase-functions/lib/index.js\"}"}}
[debug] [2021-01-16T02:29:57.598Z] [runtime-status] [5263] Checked functions.config() {"config":{}} {"metadata":{"emulator":{"name":"functions"},"message":"[runtime-status] [5263] Checked functions.config() {\"config\":{}}"}}
[debug] [2021-01-16T02:29:57.599Z] [runtime-status] [5263] firebase-functions has been stubbed. {"functionsResolution":{"declared":true,"installed":true,"version":"3.13.0","resolution":"/home/nonseodion/Desktop/Socialape/socialape-functions/functions/node_modules/firebase-functions/lib/index.js"}} {"metadata":{"emulator":{"name":"functions"},"message":"[runtime-status] [5263] firebase-functions has been stubbed. {\"functionsResolution\":{\"declared\":true,\"installed\":true,\"version\":\"3.13.0\",\"resolution\":\"/home/nonseodion/Desktop/Socialape/socialape-functions/functions/node_modules/firebase-functions/lib/index.js\"}}"}}
[debug] [2021-01-16T02:29:57.600Z] [runtime-status] [5263] Resolved module firebase-functions {"declared":true,"installed":true,"version":"3.13.0","resolution":"/home/nonseodion/Desktop/Socialape/socialape-functions/functions/node_modules/firebase-functions/lib/index.js"} {"metadata":{"emulator":{"name":"functions"},"message":"[runtime-status] [5263] Resolved module firebase-functions {\"declared\":true,\"installed\":true,\"version\":\"3.13.0\",\"resolution\":\"/home/nonseodion/Desktop/Socialape/socialape-functions/functions/node_modules/firebase-functions/lib/index.js\"}"}}
[debug] [2021-01-16T02:29:57.601Z] [runtime-status] [5263] Resolved module firebase-admin {"declared":true,"installed":true,"version":"9.4.2","resolution":"/home/nonseodion/Desktop/Socialape/socialape-functions/functions/node_modules/firebase-admin/lib/index.js"} {"metadata":{"emulator":{"name":"functions"},"message":"[runtime-status] [5263] Resolved module firebase-admin {\"declared\":true,\"installed\":true,\"version\":\"9.4.2\",\"resolution\":\"/home/nonseodion/Desktop/Socialape/socialape-functions/functions/node_modules/firebase-admin/lib/index.js\"}"}}
[debug] [2021-01-16T02:29:57.602Z] [runtime-status] [5263] Resolved module firebase-functions {"declared":true,"installed":true,"version":"3.13.0","resolution":"/home/nonseodion/Desktop/Socialape/socialape-functions/functions/node_modules/firebase-functions/lib/index.js"} {"metadata":{"emulator":{"name":"functions"},"message":"[runtime-status] [5263] Resolved module firebase-functions {\"declared\":true,\"installed\":true,\"version\":\"3.13.0\",\"resolution\":\"/home/nonseodion/Desktop/Socialape/socialape-functions/functions/node_modules/firebase-functions/lib/index.js\"}"}}
[debug] [2021-01-16T02:29:57.602Z] [runtime-status] [5263] firebase-admin has been stubbed. {"adminResolution":{"declared":true,"installed":true,"version":"9.4.2","resolution":"/home/nonseodion/Desktop/Socialape/socialape-functions/functions/node_modules/firebase-admin/lib/index.js"}} {"metadata":{"emulator":{"name":"functions"},"message":"[runtime-status] [5263] firebase-admin has been stubbed. {\"adminResolution\":{\"declared\":true,\"installed\":true,\"version\":\"9.4.2\",\"resolution\":\"/home/nonseodion/Desktop/Socialape/socialape-functions/functions/node_modules/firebase-admin/lib/index.js\"}}"}}
[debug] [2021-01-16T02:29:58.064Z] [runtime-status] [5263] initializeApp(DEFAULT) {"databaseURL":"https://socialape-acee4.firebaseio.com","storageBucket":"socialape-acee4.appspot.com","projectId":"socialape-acee4"} {"metadata":{"emulator":{"name":"functions"},"message":"[runtime-status] [5263] initializeApp(DEFAULT) {\"databaseURL\":\"https://socialape-acee4.firebaseio.com\",\"storageBucket\":\"socialape-acee4.appspot.com\",\"projectId\":\"socialape-acee4\"}"}}
[debug] [2021-01-16T02:29:58.110Z] [runtime-status] [5263] auth.setJwtVerificationEnabled(false) {"metadata":{"emulator":{"name":"functions"},"message":"[runtime-status] [5263] auth.setJwtVerificationEnabled(false)"}}
[info] >  WARNING: You are using the Auth Emulator, which is intended for local testing only.  Do not use with production credentials. {"user":"WARNING: You are using the Auth Emulator, which is intended for local testing only.  Do not use with production credentials.","metadata":{"emulator":{"name":"functions"},"message":"\u001b[90m> \u001b[39m WARNING: You are using the Auth Emulator, which is intended for local testing only.  Do not use with production credentials."}}
[info] ✔  functions[api]: http function initialized (http://localhost:5001/socialape-acee4/us-central1/api). {"metadata":{"emulator":{"name":"functions"},"message":"\u001b[1mhttp\u001b[22m function initialized (http://localhost:5001/socialape-acee4/us-central1/api)."}}
[debug] [2021-01-16T02:29:58.330Z] addFirestoreTrigger "{\"eventTrigger\":{\"resource\":\"projects/socialape-acee4/databases/(default)/documents/likes/{likeId}\",\"eventType\":\"providers/cloud.firestore/eventTypes/document.create\",\"service\":\"firestore.googleapis.com\"}}"
[debug] [2021-01-16T02:29:58.331Z] >>> HTTP REQUEST PUT http://localhost:8080/emulator/v1/projects/socialape-acee4/triggers/createNotificationOnLike-0  
 {"eventTrigger":{"resource":"projects/socialape-acee4/databases/(default)/documents/likes/{likeId}","eventType":"providers/cloud.firestore/eventTypes/document.create","service":"firestore.googleapis.com"}}
[debug] [2021-01-16T02:29:58.335Z] [worker-~diagnostic~-6258c98c-bf39-4605-b6e4-4ad7e563ff4e]: IDLE {"metadata":{"emulator":{"name":"functions"},"message":"[worker-~diagnostic~-6258c98c-bf39-4605-b6e4-4ad7e563ff4e]: IDLE"}}
[debug] [2021-01-16T02:29:58.413Z] Jan 16, 2021 3:29:58 AM io.gapi.emulators.netty.HttpVersionRoutingHandler channelRead
INFO: Detected non-HTTP/2 connection.
 {"metadata":{"emulator":{"name":"firestore"},"message":"Jan 16, 2021 3:29:58 AM io.gapi.emulators.netty.HttpVersionRoutingHandler channelRead\nINFO: Detected non-HTTP/2 connection.\n"}}
[debug] [2021-01-16T02:29:58.745Z] Jan 16, 2021 3:29:58 AM io.gapi.emulators.netty.HttpVersionRoutingHandler channelRead
INFO: Detected HTTP/2 connection.
 {"metadata":{"emulator":{"name":"firestore"},"message":"Jan 16, 2021 3:29:58 AM io.gapi.emulators.netty.HttpVersionRoutingHandler channelRead\nINFO: Detected HTTP/2 connection.\n"}}
[debug] [2021-01-16T02:29:59.593Z] <<< HTTP RESPONSE 200 {"content-type":"application/json","content-length":"4"}
[info] ✔  functions[createNotificationOnLike]: firestore function initialized. {"metadata":{"emulator":{"name":"functions"},"message":"\u001b[1mfirestore\u001b[22m function initialized."}}
[debug] [2021-01-16T02:29:59.595Z] addFirestoreTrigger "{\"eventTrigger\":{\"resource\":\"projects/socialape-acee4/databases/(default)/documents/likes/{likeId}\",\"eventType\":\"providers/cloud.firestore/eventTypes/document.delete\",\"service\":\"firestore.googleapis.com\"}}"
[debug] [2021-01-16T02:29:59.595Z] >>> HTTP REQUEST PUT http://localhost:8080/emulator/v1/projects/socialape-acee4/triggers/deleteNotificationOnUnLike-0  
 {"eventTrigger":{"resource":"projects/socialape-acee4/databases/(default)/documents/likes/{likeId}","eventType":"providers/cloud.firestore/eventTypes/document.delete","service":"firestore.googleapis.com"}}
[debug] [2021-01-16T02:29:59.615Z] Jan 16, 2021 3:29:59 AM io.gapi.emulators.netty.HttpVersionRoutingHandler channelRead
INFO: Detected non-HTTP/2 connection.
 {"metadata":{"emulator":{"name":"firestore"},"message":"Jan 16, 2021 3:29:59 AM io.gapi.emulators.netty.HttpVersionRoutingHandler channelRead\nINFO: Detected non-HTTP/2 connection.\n"}}
[debug] [2021-01-16T02:29:59.663Z] <<< HTTP RESPONSE 200 {"content-type":"application/json","content-length":"4"}
[info] ✔  functions[deleteNotificationOnUnLike]: firestore function initialized. {"metadata":{"emulator":{"name":"functions"},"message":"\u001b[1mfirestore\u001b[22m function initialized."}}
[debug] [2021-01-16T02:29:59.667Z] addFirestoreTrigger "{\"eventTrigger\":{\"resource\":\"projects/socialape-acee4/databases/(default)/documents/comments/{commentId}\",\"eventType\":\"providers/cloud.firestore/eventTypes/document.create\",\"service\":\"firestore.googleapis.com\"}}"
[debug] [2021-01-16T02:29:59.668Z] >>> HTTP REQUEST PUT http://localhost:8080/emulator/v1/projects/socialape-acee4/triggers/createNotificationOnComment-0  
 {"eventTrigger":{"resource":"projects/socialape-acee4/databases/(default)/documents/comments/{commentId}","eventType":"providers/cloud.firestore/eventTypes/document.create","service":"firestore.googleapis.com"}}
[debug] [2021-01-16T02:29:59.683Z] Jan 16, 2021 3:29:59 AM io.gapi.emulators.netty.HttpVersionRoutingHandler channelRead
INFO: Detected non-HTTP/2 connection.
 {"metadata":{"emulator":{"name":"firestore"},"message":"Jan 16, 2021 3:29:59 AM io.gapi.emulators.netty.HttpVersionRoutingHandler channelRead\nINFO: Detected non-HTTP/2 connection.\n"}}
[debug] [2021-01-16T02:29:59.712Z] <<< HTTP RESPONSE 200 {"content-type":"application/json","content-length":"4"}
[info] ✔  functions[createNotificationOnComment]: firestore function initialized. {"metadata":{"emulator":{"name":"functions"},"message":"\u001b[1mfirestore\u001b[22m function initialized."}}
[debug] [2021-01-16T02:29:59.713Z] addFirestoreTrigger "{\"eventTrigger\":{\"resource\":\"projects/socialape-acee4/databases/(default)/documents/users/{userId}\",\"eventType\":\"providers/cloud.firestore/eventTypes/document.update\",\"service\":\"firestore.googleapis.com\"}}"
[debug] [2021-01-16T02:29:59.714Z] >>> HTTP REQUEST PUT http://localhost:8080/emulator/v1/projects/socialape-acee4/triggers/onImageChange-0  
 {"eventTrigger":{"resource":"projects/socialape-acee4/databases/(default)/documents/users/{userId}","eventType":"providers/cloud.firestore/eventTypes/document.update","service":"firestore.googleapis.com"}}
[debug] [2021-01-16T02:29:59.731Z] Jan 16, 2021 3:29:59 AM io.gapi.emulators.netty.HttpVersionRoutingHandler channelRead
INFO: Detected non-HTTP/2 connection.
 {"metadata":{"emulator":{"name":"firestore"},"message":"Jan 16, 2021 3:29:59 AM io.gapi.emulators.netty.HttpVersionRoutingHandler channelRead\nINFO: Detected non-HTTP/2 connection.\n"}}
[debug] [2021-01-16T02:29:59.746Z] <<< HTTP RESPONSE 200 {"content-type":"application/json","content-length":"4"}
[info] ✔  functions[onImageChange]: firestore function initialized. {"metadata":{"emulator":{"name":"functions"},"message":"\u001b[1mfirestore\u001b[22m function initialized."}}
[debug] [2021-01-16T02:29:59.747Z] addFirestoreTrigger "{\"eventTrigger\":{\"resource\":\"projects/socialape-acee4/databases/(default)/documents/screams/{screamId}\",\"eventType\":\"providers/cloud.firestore/eventTypes/document.delete\",\"service\":\"firestore.googleapis.com\"}}"
[debug] [2021-01-16T02:29:59.748Z] >>> HTTP REQUEST PUT http://localhost:8080/emulator/v1/projects/socialape-acee4/triggers/onScreamDelete-0  
 {"eventTrigger":{"resource":"projects/socialape-acee4/databases/(default)/documents/screams/{screamId}","eventType":"providers/cloud.firestore/eventTypes/document.delete","service":"firestore.googleapis.com"}}
[debug] [2021-01-16T02:29:59.771Z] Jan 16, 2021 3:29:59 AM io.gapi.emulators.netty.HttpVersionRoutingHandler channelRead
INFO: Detected non-HTTP/2 connection.
 {"metadata":{"emulator":{"name":"firestore"},"message":"Jan 16, 2021 3:29:59 AM io.gapi.emulators.netty.HttpVersionRoutingHandler channelRead\nINFO: Detected non-HTTP/2 connection.\n"}}
[debug] [2021-01-16T02:29:59.803Z] <<< HTTP RESPONSE 200 {"content-type":"application/json","content-length":"4"}
[info] ✔  functions[onScreamDelete]: firestore function initialized. {"metadata":{"emulator":{"name":"functions"},"message":"\u001b[1mfirestore\u001b[22m function initialized."}}
[info] 
┌─────────────────────────────────────────────────────────────┐
│ ✔  All emulators ready! It is now safe to connect your app. │
│ i  View Emulator UI at http://localhost:4000                │
└─────────────────────────────────────────────────────────────┘

┌────────────────┬────────────────┬─────────────────────────────────┐
│ Emulator       │ Host:Port      │ View in Emulator UI             │
├────────────────┼────────────────┼─────────────────────────────────┤
│ Authentication │ localhost:9099 │ http://localhost:4000/auth      │
├────────────────┼────────────────┼─────────────────────────────────┤
│ Functions      │ localhost:5001 │ http://localhost:4000/functions │
├────────────────┼────────────────┼─────────────────────────────────┤
│ Firestore      │ localhost:8080 │ http://localhost:4000/firestore │
└────────────────┴────────────────┴─────────────────────────────────┘
  Emulator Hub running at localhost:4400
  Other reserved ports: 4500

Issues? Report them at https://github.com/firebase/firebase-tools/issues and attach the *-debug.log files.
 
[debug] [2021-01-16T02:30:16.598Z] Jan 16, 2021 3:30:16 AM io.gapi.emulators.netty.HttpVersionRoutingHandler channelRead
INFO: Detected non-HTTP/2 connection.
 {"metadata":{"emulator":{"name":"firestore"},"message":"Jan 16, 2021 3:30:16 AM io.gapi.emulators.netty.HttpVersionRoutingHandler channelRead\nINFO: Detected non-HTTP/2 connection.\n"}}
[debug] [2021-01-16T02:30:38.542Z] [work-queue] {"queueLength":1,"workRunningCount":0}
[debug] [2021-01-16T02:30:38.542Z] [work-queue] {"queueLength":0,"workRunningCount":1}
[debug] [2021-01-16T02:30:38.543Z] Accepted request POST /socialape-acee4/us-central1/api/signup --> api
[debug] [2021-01-16T02:30:38.553Z] [worker-pool] addWorker(api) {"metadata":{"emulator":{"name":"functions"},"message":"[worker-pool] addWorker(api)"}}
[debug] [2021-01-16T02:30:38.553Z] [worker-pool] Adding worker with key api, total=1 {"metadata":{"emulator":{"name":"functions"},"message":"[worker-pool] Adding worker with key api, total=1"}}
[debug] [2021-01-16T02:30:38.554Z] [worker-pool] submitWork(triggerId=api) {"metadata":{"emulator":{"name":"functions"},"message":"[worker-pool] submitWork(triggerId=api)"}}
[debug] [2021-01-16T02:30:38.554Z] [worker-api-1e12aca7-45c2-496b-a730-0eeb1d960166]: Assigning socketPath: /tmp/fire_emu_5331.sock {"metadata":{"emulator":{"name":"functions"},"message":"[worker-api-1e12aca7-45c2-496b-a730-0eeb1d960166]: Assigning socketPath: /tmp/fire_emu_5331.sock"}}
[debug] [2021-01-16T02:30:38.554Z] [worker-api-1e12aca7-45c2-496b-a730-0eeb1d960166]: BUSY {"metadata":{"emulator":{"name":"functions"},"message":"[worker-api-1e12aca7-45c2-496b-a730-0eeb1d960166]: BUSY"}}
[debug] [2021-01-16T02:30:38.724Z] [runtime-status] [5331] Functions runtime initialized. {"cwd":"/home/nonseodion/Desktop/Socialape/socialape-functions/functions","node_version":"12.16.1"} {"metadata":{"emulator":{"name":"functions"},"function":{"name":"api"},"message":"[runtime-status] [5331] Functions runtime initialized. {\"cwd\":\"/home/nonseodion/Desktop/Socialape/socialape-functions/functions\",\"node_version\":\"12.16.1\"}"}}
[debug] [2021-01-16T02:30:38.726Z] [runtime-status] [5331] Disabled runtime features: undefined {"metadata":{"emulator":{"name":"functions"},"function":{"name":"api"},"message":"[runtime-status] [5331] Disabled runtime features: undefined"}}
[debug] [2021-01-16T02:30:38.731Z] [runtime-status] [5331] Resolved module firebase-admin {"declared":true,"installed":true,"version":"9.4.2","resolution":"/home/nonseodion/Desktop/Socialape/socialape-functions/functions/node_modules/firebase-admin/lib/index.js"} {"metadata":{"emulator":{"name":"functions"},"function":{"name":"api"},"message":"[runtime-status] [5331] Resolved module firebase-admin {\"declared\":true,\"installed\":true,\"version\":\"9.4.2\",\"resolution\":\"/home/nonseodion/Desktop/Socialape/socialape-functions/functions/node_modules/firebase-admin/lib/index.js\"}"}}
[debug] [2021-01-16T02:30:38.735Z] [runtime-status] [5331] Resolved module firebase-functions {"declared":true,"installed":true,"version":"3.13.0","resolution":"/home/nonseodion/Desktop/Socialape/socialape-functions/functions/node_modules/firebase-functions/lib/index.js"} {"metadata":{"emulator":{"name":"functions"},"function":{"name":"api"},"message":"[runtime-status] [5331] Resolved module firebase-functions {\"declared\":true,\"installed\":true,\"version\":\"3.13.0\",\"resolution\":\"/home/nonseodion/Desktop/Socialape/socialape-functions/functions/node_modules/firebase-functions/lib/index.js\"}"}}
[debug] [2021-01-16T02:30:38.736Z] [runtime-status] [5331] Resolved module firebase-functions {"declared":true,"installed":true,"version":"3.13.0","resolution":"/home/nonseodion/Desktop/Socialape/socialape-functions/functions/node_modules/firebase-functions/lib/index.js"} {"metadata":{"emulator":{"name":"functions"},"function":{"name":"api"},"message":"[runtime-status] [5331] Resolved module firebase-functions {\"declared\":true,\"installed\":true,\"version\":\"3.13.0\",\"resolution\":\"/home/nonseodion/Desktop/Socialape/socialape-functions/functions/node_modules/firebase-functions/lib/index.js\"}"}}
[debug] [2021-01-16T02:30:38.739Z] [runtime-status] [5331] Outgoing network have been stubbed. [{"name":"http","status":"mocked"},{"name":"http","status":"mocked"},{"name":"https","status":"mocked"},{"name":"https","status":"mocked"},{"name":"net","status":"mocked"}] {"metadata":{"emulator":{"name":"functions"},"function":{"name":"api"},"message":"[runtime-status] [5331] Outgoing network have been stubbed. [{\"name\":\"http\",\"status\":\"mocked\"},{\"name\":\"http\",\"status\":\"mocked\"},{\"name\":\"https\",\"status\":\"mocked\"},{\"name\":\"https\",\"status\":\"mocked\"},{\"name\":\"net\",\"status\":\"mocked\"}]"}}
[debug] [2021-01-16T02:30:38.740Z] [runtime-status] [5331] Resolved module firebase-functions {"declared":true,"installed":true,"version":"3.13.0","resolution":"/home/nonseodion/Desktop/Socialape/socialape-functions/functions/node_modules/firebase-functions/lib/index.js"} {"metadata":{"emulator":{"name":"functions"},"function":{"name":"api"},"message":"[runtime-status] [5331] Resolved module firebase-functions {\"declared\":true,\"installed\":true,\"version\":\"3.13.0\",\"resolution\":\"/home/nonseodion/Desktop/Socialape/socialape-functions/functions/node_modules/firebase-functions/lib/index.js\"}"}}
[debug] [2021-01-16T02:30:38.785Z] [runtime-status] [5331] Checked functions.config() {"config":{}} {"metadata":{"emulator":{"name":"functions"},"function":{"name":"api"},"message":"[runtime-status] [5331] Checked functions.config() {\"config\":{}}"}}
[debug] [2021-01-16T02:30:38.786Z] [runtime-status] [5331] firebase-functions has been stubbed. {"functionsResolution":{"declared":true,"installed":true,"version":"3.13.0","resolution":"/home/nonseodion/Desktop/Socialape/socialape-functions/functions/node_modules/firebase-functions/lib/index.js"}} {"metadata":{"emulator":{"name":"functions"},"function":{"name":"api"},"message":"[runtime-status] [5331] firebase-functions has been stubbed. {\"functionsResolution\":{\"declared\":true,\"installed\":true,\"version\":\"3.13.0\",\"resolution\":\"/home/nonseodion/Desktop/Socialape/socialape-functions/functions/node_modules/firebase-functions/lib/index.js\"}}"}}
[debug] [2021-01-16T02:30:38.786Z] [runtime-status] [5331] Resolved module firebase-functions {"declared":true,"installed":true,"version":"3.13.0","resolution":"/home/nonseodion/Desktop/Socialape/socialape-functions/functions/node_modules/firebase-functions/lib/index.js"} {"metadata":{"emulator":{"name":"functions"},"function":{"name":"api"},"message":"[runtime-status] [5331] Resolved module firebase-functions {\"declared\":true,\"installed\":true,\"version\":\"3.13.0\",\"resolution\":\"/home/nonseodion/Desktop/Socialape/socialape-functions/functions/node_modules/firebase-functions/lib/index.js\"}"}}
[debug] [2021-01-16T02:30:38.787Z] [runtime-status] [5331] Resolved module firebase-admin {"declared":true,"installed":true,"version":"9.4.2","resolution":"/home/nonseodion/Desktop/Socialape/socialape-functions/functions/node_modules/firebase-admin/lib/index.js"} {"metadata":{"emulator":{"name":"functions"},"function":{"name":"api"},"message":"[runtime-status] [5331] Resolved module firebase-admin {\"declared\":true,\"installed\":true,\"version\":\"9.4.2\",\"resolution\":\"/home/nonseodion/Desktop/Socialape/socialape-functions/functions/node_modules/firebase-admin/lib/index.js\"}"}}
[debug] [2021-01-16T02:30:38.788Z] [runtime-status] [5331] Resolved module firebase-functions {"declared":true,"installed":true,"version":"3.13.0","resolution":"/home/nonseodion/Desktop/Socialape/socialape-functions/functions/node_modules/firebase-functions/lib/index.js"} {"metadata":{"emulator":{"name":"functions"},"function":{"name":"api"},"message":"[runtime-status] [5331] Resolved module firebase-functions {\"declared\":true,\"installed\":true,\"version\":\"3.13.0\",\"resolution\":\"/home/nonseodion/Desktop/Socialape/socialape-functions/functions/node_modules/firebase-functions/lib/index.js\"}"}}
[debug] [2021-01-16T02:30:38.788Z] [runtime-status] [5331] firebase-admin has been stubbed. {"adminResolution":{"declared":true,"installed":true,"version":"9.4.2","resolution":"/home/nonseodion/Desktop/Socialape/socialape-functions/functions/node_modules/firebase-admin/lib/index.js"}} {"metadata":{"emulator":{"name":"functions"},"function":{"name":"api"},"message":"[runtime-status] [5331] firebase-admin has been stubbed. {\"adminResolution\":{\"declared\":true,\"installed\":true,\"version\":\"9.4.2\",\"resolution\":\"/home/nonseodion/Desktop/Socialape/socialape-functions/functions/node_modules/firebase-admin/lib/index.js\"}}"}}
[debug] [2021-01-16T02:30:39.059Z] [runtime-status] [5331] initializeApp(DEFAULT) {"databaseURL":"https://socialape-acee4.firebaseio.com","storageBucket":"socialape-acee4.appspot.com","projectId":"socialape-acee4"} {"metadata":{"emulator":{"name":"functions"},"function":{"name":"api"},"message":"[runtime-status] [5331] initializeApp(DEFAULT) {\"databaseURL\":\"https://socialape-acee4.firebaseio.com\",\"storageBucket\":\"socialape-acee4.appspot.com\",\"projectId\":\"socialape-acee4\"}"}}
[debug] [2021-01-16T02:30:39.089Z] [runtime-status] [5331] auth.setJwtVerificationEnabled(false) {"metadata":{"emulator":{"name":"functions"},"function":{"name":"api"},"message":"[runtime-status] [5331] auth.setJwtVerificationEnabled(false)"}}
[info] >  WARNING: You are using the Auth Emulator, which is intended for local testing only.  Do not use with production credentials. {"user":"WARNING: You are using the Auth Emulator, which is intended for local testing only.  Do not use with production credentials.","metadata":{"emulator":{"name":"functions"},"function":{"name":"api"},"message":"\u001b[90m> \u001b[39m WARNING: You are using the Auth Emulator, which is intended for local testing only.  Do not use with production credentials."}}
[debug] [2021-01-16T02:30:39.250Z] [runtime-status] [5331] Trigger "api" has been found, beginning invocation! {"metadata":{"emulator":{"name":"functions"},"function":{"name":"api"},"message":"[runtime-status] [5331] Trigger \"api\" has been found, beginning invocation!"}}
[info] i  functions: Beginning execution of "api" {"metadata":{"emulator":{"name":"functions"},"function":{"name":"api"},"message":"Beginning execution of \"api\""}}
[debug] [2021-01-16T02:30:39.251Z] [runtime-status] [5331] triggerDefinition {"httpsTrigger":{},"name":"api","entryPoint":"api"} {"metadata":{"emulator":{"name":"functions"},"function":{"name":"api"},"message":"[runtime-status] [5331] triggerDefinition {\"httpsTrigger\":{},\"name\":\"api\",\"entryPoint\":\"api\"}"}}
[debug] [2021-01-16T02:30:39.252Z] [runtime-status] [5331] Running api in mode HTTPS {"metadata":{"emulator":{"name":"functions"},"function":{"name":"api"},"message":"[runtime-status] [5331] Running api in mode HTTPS"}}
[debug] [2021-01-16T02:30:39.256Z] [runtime-status] [5331] Attempting to listen to socketPath: /tmp/fire_emu_5331.sock {"metadata":{"emulator":{"name":"functions"},"function":{"name":"api"},"message":"[runtime-status] [5331] Attempting to listen to socketPath: /tmp/fire_emu_5331.sock"}}
[debug] [2021-01-16T02:30:39.261Z] [functions] Runtime ready! Sending request! {"metadata":{"emulator":{"name":"functions"},"message":"[functions] Runtime ready! Sending request!"}}
[debug] [2021-01-16T02:30:39.284Z] [runtime-status] [5331] Ephemeral server handling POST request {"metadata":{"emulator":{"name":"functions"},"function":{"name":"api"},"message":"[runtime-status] [5331] Ephemeral server handling POST request"}}
[debug] [2021-01-16T02:30:39.293Z] [runtime-status] [5331] Ephemeral server survived. {"metadata":{"emulator":{"name":"functions"},"function":{"name":"api"},"message":"[runtime-status] [5331] Ephemeral server survived."}}
[debug] [2021-01-16T02:30:39.494Z] Jan 16, 2021 3:30:39 AM io.gapi.emulators.netty.HttpVersionRoutingHandler channelRead
INFO: Detected HTTP/2 connection.
 {"metadata":{"emulator":{"name":"firestore"},"message":"Jan 16, 2021 3:30:39 AM io.gapi.emulators.netty.HttpVersionRoutingHandler channelRead\nINFO: Detected HTTP/2 connection.\n"}}
[debug] [2021-01-16T02:30:39.593Z] >>> [apiv2][query] POST http://localhost:5001/functions/projects/socialape-acee4/trigger_multicast [none]
[debug] [2021-01-16T02:30:39.593Z] >>> [apiv2][body] POST http://localhost:5001/functions/projects/socialape-acee4/trigger_multicast {"eventType":"providers/firebase.auth/eventTypes/user.create","data":{"uid":"tGdx3Ly08TneYDhJId9icspc35wA","email":"user@gmail.com","emailVerified":false,"metadata":{"creationTime":"1610764239593","lastSignInTime":"1610764239592"},"customClaims":{},"providerData":[{"providerId":"password","email":"user@gmail.com","federatedId":"user@gmail.com","rawId":"user@gmail.com"}]}}
[debug] [2021-01-16T02:30:39.606Z] <<< [apiv2][status] POST http://localhost:5001/functions/projects/socialape-acee4/trigger_multicast 200
[debug] [2021-01-16T02:30:39.606Z] <<< [apiv2][body] POST http://localhost:5001/functions/projects/socialape-acee4/trigger_multicast {"status":"multicast_acknowledged"}
[info] i  functions: Finished "api" in ~1s {"metadata":{"emulator":{"name":"functions"},"function":{"name":"api"},"message":"Finished \"api\" in ~1s"}}
[debug] [2021-01-16T02:30:39.826Z] [worker-api-1e12aca7-45c2-496b-a730-0eeb1d960166]: IDLE {"metadata":{"emulator":{"name":"functions"},"message":"[worker-api-1e12aca7-45c2-496b-a730-0eeb1d960166]: IDLE"}}
[debug] [2021-01-16T02:30:39.829Z] [work-queue] {"queueLength":0,"workRunningCount":0}
[debug] [2021-01-16T02:30:39.978Z] [work-queue] {"queueLength":1,"workRunningCount":0}
[debug] [2021-01-16T02:30:39.979Z] [work-queue] {"queueLength":0,"workRunningCount":1}
[debug] [2021-01-16T02:30:39.979Z] Accepted request GET /socialape-acee4/us-central1/api/user --> api
[debug] [2021-01-16T02:30:39.979Z] [worker-pool] submitWork(triggerId=api) {"metadata":{"emulator":{"name":"functions"},"message":"[worker-pool] submitWork(triggerId=api)"}}
[debug] [2021-01-16T02:30:39.979Z] [worker-api-1e12aca7-45c2-496b-a730-0eeb1d960166]: Assigning socketPath: /tmp/fire_emu_5331.sock {"metadata":{"emulator":{"name":"functions"},"message":"[worker-api-1e12aca7-45c2-496b-a730-0eeb1d960166]: Assigning socketPath: /tmp/fire_emu_5331.sock"}}
[debug] [2021-01-16T02:30:39.980Z] [worker-api-1e12aca7-45c2-496b-a730-0eeb1d960166]: BUSY {"metadata":{"emulator":{"name":"functions"},"message":"[worker-api-1e12aca7-45c2-496b-a730-0eeb1d960166]: BUSY"}}
[debug] [2021-01-16T02:30:39.980Z] [runtime-status] [5331] Trigger "api" has been found, beginning invocation! {"metadata":{"emulator":{"name":"functions"},"function":{"name":"api"},"message":"[runtime-status] [5331] Trigger \"api\" has been found, beginning invocation!"}}
[info] i  functions: Beginning execution of "api" {"metadata":{"emulator":{"name":"functions"},"function":{"name":"api"},"message":"Beginning execution of \"api\""}}
[debug] [2021-01-16T02:30:39.982Z] [runtime-status] [5331] triggerDefinition {"httpsTrigger":{},"name":"api","entryPoint":"api"} {"metadata":{"emulator":{"name":"functions"},"function":{"name":"api"},"message":"[runtime-status] [5331] triggerDefinition {\"httpsTrigger\":{},\"name\":\"api\",\"entryPoint\":\"api\"}"}}
[debug] [2021-01-16T02:30:39.982Z] [runtime-status] [5331] Running api in mode HTTPS {"metadata":{"emulator":{"name":"functions"},"function":{"name":"api"},"message":"[runtime-status] [5331] Running api in mode HTTPS"}}
[debug] [2021-01-16T02:30:39.992Z] [runtime-status] [5331] Attempting to listen to socketPath: /tmp/fire_emu_5331.sock {"metadata":{"emulator":{"name":"functions"},"function":{"name":"api"},"message":"[runtime-status] [5331] Attempting to listen to socketPath: /tmp/fire_emu_5331.sock"}}
[debug] [2021-01-16T02:30:39.993Z] [functions] Runtime ready! Sending request! {"metadata":{"emulator":{"name":"functions"},"message":"[functions] Runtime ready! Sending request!"}}
[debug] [2021-01-16T02:30:40.015Z] [work-queue] {"queueLength":1,"workRunningCount":1}
[debug] [2021-01-16T02:30:40.015Z] [work-queue] {"queueLength":0,"workRunningCount":2}
[debug] [2021-01-16T02:30:40.015Z] Accepted request GET /socialape-acee4/us-central1/api/screams --> api
[debug] [2021-01-16T02:30:40.035Z] [worker-pool] addWorker(api) {"metadata":{"emulator":{"name":"functions"},"message":"[worker-pool] addWorker(api)"}}
[debug] [2021-01-16T02:30:40.035Z] [worker-pool] Adding worker with key api, total=2 {"metadata":{"emulator":{"name":"functions"},"message":"[worker-pool] Adding worker with key api, total=2"}}
[debug] [2021-01-16T02:30:40.036Z] [worker-pool] submitWork(triggerId=api) {"metadata":{"emulator":{"name":"functions"},"message":"[worker-pool] submitWork(triggerId=api)"}}
[debug] [2021-01-16T02:30:40.036Z] [worker-api-e61e9295-34ff-4840-abff-204b7d852415]: Assigning socketPath: /tmp/fire_emu_5342.sock {"metadata":{"emulator":{"name":"functions"},"message":"[worker-api-e61e9295-34ff-4840-abff-204b7d852415]: Assigning socketPath: /tmp/fire_emu_5342.sock"}}
[debug] [2021-01-16T02:30:40.036Z] [worker-api-e61e9295-34ff-4840-abff-204b7d852415]: BUSY {"metadata":{"emulator":{"name":"functions"},"message":"[worker-api-e61e9295-34ff-4840-abff-204b7d852415]: BUSY"}}
[debug] [2021-01-16T02:30:40.044Z] [runtime-status] [5331] Ephemeral server handling GET request {"metadata":{"emulator":{"name":"functions"},"function":{"name":"api"},"message":"[runtime-status] [5331] Ephemeral server handling GET request"}}
[debug] [2021-01-16T02:30:40.044Z] [runtime-status] [5331] Ephemeral server survived. {"metadata":{"emulator":{"name":"functions"},"function":{"name":"api"},"message":"[runtime-status] [5331] Ephemeral server survived."}}
[info] i  functions: Finished "api" in ~1s {"metadata":{"emulator":{"name":"functions"},"function":{"name":"api"},"message":"Finished \"api\" in ~1s"}}
[debug] [2021-01-16T02:30:40.291Z] [worker-api-1e12aca7-45c2-496b-a730-0eeb1d960166]: IDLE {"metadata":{"emulator":{"name":"functions"},"message":"[worker-api-1e12aca7-45c2-496b-a730-0eeb1d960166]: IDLE"}}
[debug] [2021-01-16T02:30:40.295Z] [work-queue] {"queueLength":0,"workRunningCount":1}
[debug] [2021-01-16T02:30:40.342Z] [runtime-status] [5342] Functions runtime initialized. {"cwd":"/home/nonseodion/Desktop/Socialape/socialape-functions/functions","node_version":"12.16.1"} {"metadata":{"emulator":{"name":"functions"},"function":{"name":"api"},"message":"[runtime-status] [5342] Functions runtime initialized. {\"cwd\":\"/home/nonseodion/Desktop/Socialape/socialape-functions/functions\",\"node_version\":\"12.16.1\"}"}}
[debug] [2021-01-16T02:30:40.347Z] [runtime-status] [5342] Disabled runtime features: undefined {"metadata":{"emulator":{"name":"functions"},"function":{"name":"api"},"message":"[runtime-status] [5342] Disabled runtime features: undefined"}}
[debug] [2021-01-16T02:30:40.363Z] [runtime-status] [5342] Resolved module firebase-admin {"declared":true,"installed":true,"version":"9.4.2","resolution":"/home/nonseodion/Desktop/Socialape/socialape-functions/functions/node_modules/firebase-admin/lib/index.js"} {"metadata":{"emulator":{"name":"functions"},"function":{"name":"api"},"message":"[runtime-status] [5342] Resolved module firebase-admin {\"declared\":true,\"installed\":true,\"version\":\"9.4.2\",\"resolution\":\"/home/nonseodion/Desktop/Socialape/socialape-functions/functions/node_modules/firebase-admin/lib/index.js\"}"}}
[debug] [2021-01-16T02:30:40.369Z] [runtime-status] [5342] Resolved module firebase-functions {"declared":true,"installed":true,"version":"3.13.0","resolution":"/home/nonseodion/Desktop/Socialape/socialape-functions/functions/node_modules/firebase-functions/lib/index.js"} {"metadata":{"emulator":{"name":"functions"},"function":{"name":"api"},"message":"[runtime-status] [5342] Resolved module firebase-functions {\"declared\":true,\"installed\":true,\"version\":\"3.13.0\",\"resolution\":\"/home/nonseodion/Desktop/Socialape/socialape-functions/functions/node_modules/firebase-functions/lib/index.js\"}"}}
[debug] [2021-01-16T02:30:40.370Z] [runtime-status] [5342] Resolved module firebase-functions {"declared":true,"installed":true,"version":"3.13.0","resolution":"/home/nonseodion/Desktop/Socialape/socialape-functions/functions/node_modules/firebase-functions/lib/index.js"} {"metadata":{"emulator":{"name":"functions"},"function":{"name":"api"},"message":"[runtime-status] [5342] Resolved module firebase-functions {\"declared\":true,\"installed\":true,\"version\":\"3.13.0\",\"resolution\":\"/home/nonseodion/Desktop/Socialape/socialape-functions/functions/node_modules/firebase-functions/lib/index.js\"}"}}
[debug] [2021-01-16T02:30:40.374Z] [runtime-status] [5342] Outgoing network have been stubbed. [{"name":"http","status":"mocked"},{"name":"http","status":"mocked"},{"name":"https","status":"mocked"},{"name":"https","status":"mocked"},{"name":"net","status":"mocked"}] {"metadata":{"emulator":{"name":"functions"},"function":{"name":"api"},"message":"[runtime-status] [5342] Outgoing network have been stubbed. [{\"name\":\"http\",\"status\":\"mocked\"},{\"name\":\"http\",\"status\":\"mocked\"},{\"name\":\"https\",\"status\":\"mocked\"},{\"name\":\"https\",\"status\":\"mocked\"},{\"name\":\"net\",\"status\":\"mocked\"}]"}}
[debug] [2021-01-16T02:30:40.375Z] [runtime-status] [5342] Resolved module firebase-functions {"declared":true,"installed":true,"version":"3.13.0","resolution":"/home/nonseodion/Desktop/Socialape/socialape-functions/functions/node_modules/firebase-functions/lib/index.js"} {"metadata":{"emulator":{"name":"functions"},"function":{"name":"api"},"message":"[runtime-status] [5342] Resolved module firebase-functions {\"declared\":true,\"installed\":true,\"version\":\"3.13.0\",\"resolution\":\"/home/nonseodion/Desktop/Socialape/socialape-functions/functions/node_modules/firebase-functions/lib/index.js\"}"}}
[debug] [2021-01-16T02:30:40.432Z] [runtime-status] [5342] Checked functions.config() {"config":{}} {"metadata":{"emulator":{"name":"functions"},"function":{"name":"api"},"message":"[runtime-status] [5342] Checked functions.config() {\"config\":{}}"}}
[debug] [2021-01-16T02:30:40.433Z] [runtime-status] [5342] firebase-functions has been stubbed. {"functionsResolution":{"declared":true,"installed":true,"version":"3.13.0","resolution":"/home/nonseodion/Desktop/Socialape/socialape-functions/functions/node_modules/firebase-functions/lib/index.js"}} {"metadata":{"emulator":{"name":"functions"},"function":{"name":"api"},"message":"[runtime-status] [5342] firebase-functions has been stubbed. {\"functionsResolution\":{\"declared\":true,\"installed\":true,\"version\":\"3.13.0\",\"resolution\":\"/home/nonseodion/Desktop/Socialape/socialape-functions/functions/node_modules/firebase-functions/lib/index.js\"}}"}}
[debug] [2021-01-16T02:30:40.433Z] [runtime-status] [5342] Resolved module firebase-functions {"declared":true,"installed":true,"version":"3.13.0","resolution":"/home/nonseodion/Desktop/Socialape/socialape-functions/functions/node_modules/firebase-functions/lib/index.js"} {"metadata":{"emulator":{"name":"functions"},"function":{"name":"api"},"message":"[runtime-status] [5342] Resolved module firebase-functions {\"declared\":true,\"installed\":true,\"version\":\"3.13.0\",\"resolution\":\"/home/nonseodion/Desktop/Socialape/socialape-functions/functions/node_modules/firebase-functions/lib/index.js\"}"}}
[debug] [2021-01-16T02:30:40.435Z] [runtime-status] [5342] Resolved module firebase-admin {"declared":true,"installed":true,"version":"9.4.2","resolution":"/home/nonseodion/Desktop/Socialape/socialape-functions/functions/node_modules/firebase-admin/lib/index.js"} {"metadata":{"emulator":{"name":"functions"},"function":{"name":"api"},"message":"[runtime-status] [5342] Resolved module firebase-admin {\"declared\":true,\"installed\":true,\"version\":\"9.4.2\",\"resolution\":\"/home/nonseodion/Desktop/Socialape/socialape-functions/functions/node_modules/firebase-admin/lib/index.js\"}"}}
[debug] [2021-01-16T02:30:40.436Z] [runtime-status] [5342] Resolved module firebase-functions {"declared":true,"installed":true,"version":"3.13.0","resolution":"/home/nonseodion/Desktop/Socialape/socialape-functions/functions/node_modules/firebase-functions/lib/index.js"} {"metadata":{"emulator":{"name":"functions"},"function":{"name":"api"},"message":"[runtime-status] [5342] Resolved module firebase-functions {\"declared\":true,\"installed\":true,\"version\":\"3.13.0\",\"resolution\":\"/home/nonseodion/Desktop/Socialape/socialape-functions/functions/node_modules/firebase-functions/lib/index.js\"}"}}
[debug] [2021-01-16T02:30:40.436Z] [runtime-status] [5342] firebase-admin has been stubbed. {"adminResolution":{"declared":true,"installed":true,"version":"9.4.2","resolution":"/home/nonseodion/Desktop/Socialape/socialape-functions/functions/node_modules/firebase-admin/lib/index.js"}} {"metadata":{"emulator":{"name":"functions"},"function":{"name":"api"},"message":"[runtime-status] [5342] firebase-admin has been stubbed. {\"adminResolution\":{\"declared\":true,\"installed\":true,\"version\":\"9.4.2\",\"resolution\":\"/home/nonseodion/Desktop/Socialape/socialape-functions/functions/node_modules/firebase-admin/lib/index.js\"}}"}}
[debug] [2021-01-16T02:30:40.725Z] [runtime-status] [5342] initializeApp(DEFAULT) {"databaseURL":"https://socialape-acee4.firebaseio.com","storageBucket":"socialape-acee4.appspot.com","projectId":"socialape-acee4"} {"metadata":{"emulator":{"name":"functions"},"function":{"name":"api"},"message":"[runtime-status] [5342] initializeApp(DEFAULT) {\"databaseURL\":\"https://socialape-acee4.firebaseio.com\",\"storageBucket\":\"socialape-acee4.appspot.com\",\"projectId\":\"socialape-acee4\"}"}}
[debug] [2021-01-16T02:30:40.752Z] [runtime-status] [5342] auth.setJwtVerificationEnabled(false) {"metadata":{"emulator":{"name":"functions"},"function":{"name":"api"},"message":"[runtime-status] [5342] auth.setJwtVerificationEnabled(false)"}}
[info] >  WARNING: You are using the Auth Emulator, which is intended for local testing only.  Do not use with production credentials. {"user":"WARNING: You are using the Auth Emulator, which is intended for local testing only.  Do not use with production credentials.","metadata":{"emulator":{"name":"functions"},"function":{"name":"api"},"message":"\u001b[90m> \u001b[39m WARNING: You are using the Auth Emulator, which is intended for local testing only.  Do not use with production credentials."}}
[debug] [2021-01-16T02:30:40.899Z] [runtime-status] [5342] Trigger "api" has been found, beginning invocation! {"metadata":{"emulator":{"name":"functions"},"function":{"name":"api"},"message":"[runtime-status] [5342] Trigger \"api\" has been found, beginning invocation!"}}
[info] i  functions: Beginning execution of "api" {"metadata":{"emulator":{"name":"functions"},"function":{"name":"api"},"message":"Beginning execution of \"api\""}}
[debug] [2021-01-16T02:30:40.900Z] [runtime-status] [5342] triggerDefinition {"httpsTrigger":{},"name":"api","entryPoint":"api"} {"metadata":{"emulator":{"name":"functions"},"function":{"name":"api"},"message":"[runtime-status] [5342] triggerDefinition {\"httpsTrigger\":{},\"name\":\"api\",\"entryPoint\":\"api\"}"}}
[debug] [2021-01-16T02:30:40.900Z] [runtime-status] [5342] Running api in mode HTTPS {"metadata":{"emulator":{"name":"functions"},"function":{"name":"api"},"message":"[runtime-status] [5342] Running api in mode HTTPS"}}
[debug] [2021-01-16T02:30:40.906Z] [runtime-status] [5342] Attempting to listen to socketPath: /tmp/fire_emu_5342.sock {"metadata":{"emulator":{"name":"functions"},"function":{"name":"api"},"message":"[runtime-status] [5342] Attempting to listen to socketPath: /tmp/fire_emu_5342.sock"}}
[debug] [2021-01-16T02:30:40.910Z] [functions] Runtime ready! Sending request! {"metadata":{"emulator":{"name":"functions"},"message":"[functions] Runtime ready! Sending request!"}}
[debug] [2021-01-16T02:30:40.919Z] [runtime-status] [5342] Ephemeral server handling GET request {"metadata":{"emulator":{"name":"functions"},"function":{"name":"api"},"message":"[runtime-status] [5342] Ephemeral server handling GET request"}}
[debug] [2021-01-16T02:30:40.930Z] [runtime-status] [5342] Ephemeral server survived. {"metadata":{"emulator":{"name":"functions"},"function":{"name":"api"},"message":"[runtime-status] [5342] Ephemeral server survived."}}
[debug] [2021-01-16T02:30:41.116Z] Jan 16, 2021 3:30:41 AM io.gapi.emulators.netty.HttpVersionRoutingHandler channelRead
INFO: Detected HTTP/2 connection.
 {"metadata":{"emulator":{"name":"firestore"},"message":"Jan 16, 2021 3:30:41 AM io.gapi.emulators.netty.HttpVersionRoutingHandler channelRead\nINFO: Detected HTTP/2 connection.\n"}}
[info] i  functions: Finished "api" in ~1s {"metadata":{"emulator":{"name":"functions"},"function":{"name":"api"},"message":"Finished \"api\" in ~1s"}}
[debug] [2021-01-16T02:30:41.151Z] [worker-api-e61e9295-34ff-4840-abff-204b7d852415]: IDLE {"metadata":{"emulator":{"name":"functions"},"message":"[worker-api-e61e9295-34ff-4840-abff-204b7d852415]: IDLE"}}
[debug] [2021-01-16T02:30:41.151Z] [work-queue] {"queueLength":0,"workRunningCount":0}
[debug] [2021-01-16T02:30:51.356Z] [work-queue] {"queueLength":1,"workRunningCount":0}
[debug] [2021-01-16T02:30:51.357Z] [work-queue] {"queueLength":0,"workRunningCount":1}
[debug] [2021-01-16T02:30:51.357Z] Accepted request POST /socialape-acee4/us-central1/api/scream --> api
[debug] [2021-01-16T02:30:51.357Z] [worker-pool] submitWork(triggerId=api) {"metadata":{"emulator":{"name":"functions"},"message":"[worker-pool] submitWork(triggerId=api)"}}
[debug] [2021-01-16T02:30:51.357Z] [worker-api-1e12aca7-45c2-496b-a730-0eeb1d960166]: Assigning socketPath: /tmp/fire_emu_5331.sock {"metadata":{"emulator":{"name":"functions"},"message":"[worker-api-1e12aca7-45c2-496b-a730-0eeb1d960166]: Assigning socketPath: /tmp/fire_emu_5331.sock"}}
[debug] [2021-01-16T02:30:51.357Z] [worker-api-1e12aca7-45c2-496b-a730-0eeb1d960166]: BUSY {"metadata":{"emulator":{"name":"functions"},"message":"[worker-api-1e12aca7-45c2-496b-a730-0eeb1d960166]: BUSY"}}
[debug] [2021-01-16T02:30:51.358Z] [runtime-status] [5331] Trigger "api" has been found, beginning invocation! {"metadata":{"emulator":{"name":"functions"},"function":{"name":"api"},"message":"[runtime-status] [5331] Trigger \"api\" has been found, beginning invocation!"}}
[info] i  functions: Beginning execution of "api" {"metadata":{"emulator":{"name":"functions"},"function":{"name":"api"},"message":"Beginning execution of \"api\""}}
[debug] [2021-01-16T02:30:51.360Z] [runtime-status] [5331] triggerDefinition {"httpsTrigger":{},"name":"api","entryPoint":"api"} {"metadata":{"emulator":{"name":"functions"},"function":{"name":"api"},"message":"[runtime-status] [5331] triggerDefinition {\"httpsTrigger\":{},\"name\":\"api\",\"entryPoint\":\"api\"}"}}
[debug] [2021-01-16T02:30:51.360Z] [runtime-status] [5331] Running api in mode HTTPS {"metadata":{"emulator":{"name":"functions"},"function":{"name":"api"},"message":"[runtime-status] [5331] Running api in mode HTTPS"}}
[debug] [2021-01-16T02:30:51.364Z] [runtime-status] [5331] Attempting to listen to socketPath: /tmp/fire_emu_5331.sock {"metadata":{"emulator":{"name":"functions"},"function":{"name":"api"},"message":"[runtime-status] [5331] Attempting to listen to socketPath: /tmp/fire_emu_5331.sock"}}
[debug] [2021-01-16T02:30:51.365Z] [functions] Runtime ready! Sending request! {"metadata":{"emulator":{"name":"functions"},"message":"[functions] Runtime ready! Sending request!"}}
[debug] [2021-01-16T02:30:51.374Z] [runtime-status] [5331] Ephemeral server handling POST request {"metadata":{"emulator":{"name":"functions"},"function":{"name":"api"},"message":"[runtime-status] [5331] Ephemeral server handling POST request"}}
[debug] [2021-01-16T02:30:51.374Z] [runtime-status] [5331] Ephemeral server survived. {"metadata":{"emulator":{"name":"functions"},"function":{"name":"api"},"message":"[runtime-status] [5331] Ephemeral server survived."}}
[info] >  scream y'all {"user":"scream y'all","metadata":{"emulator":{"name":"functions"},"function":{"name":"api"},"message":"\u001b[90m> \u001b[39m scream y'all"}}
[info] i  functions: Finished "api" in ~1s {"metadata":{"emulator":{"name":"functions"},"function":{"name":"api"},"message":"Finished \"api\" in ~1s"}}
[debug] [2021-01-16T02:30:51.426Z] [worker-api-1e12aca7-45c2-496b-a730-0eeb1d960166]: IDLE {"metadata":{"emulator":{"name":"functions"},"message":"[worker-api-1e12aca7-45c2-496b-a730-0eeb1d960166]: IDLE"}}
[debug] [2021-01-16T02:30:51.426Z] [work-queue] {"queueLength":0,"workRunningCount":0}
